connection from google transcription process
hello
hello
set
set a
so how
Soho
so how about
so how fast
so how fast can
so how fast can we
so how fast can we go
so how
so how fast can we go
it really
I get really really
I get really real
I get really really
I get really really sick
I get really really sad
I get really really fast
how to get really really fast
how's
how's the
how slow
house look
how slow can
how slow can we
how slow can make
how slow can we go
how slow can we go
what is Bob
what is Bob
I think
I think he
I think you
thank you
I think you just
I think you just your
I think you just returned
I think you just retire
I think you just retired
I think you just retired
we're done
where to learn
we're done learning
we're done learning from
we're done learning from her
we're done learning from here
we're done learning from him
we're done learning from here
don't worry
don't worry
teach
call Tisha
I'll teach you
I'll teach you what
I'll teach you what we
I'll teach you what we need
I'll teach you
I'll teach you
I'll teach you what
I'll teach you what we
I'll teach you what we need to know
